Using pre-set license
Built from '2020.2/staging' branch; Version is '2020.2.3f1 (8ff31bc5bf5b) revision 9433883'; Using compiler version '192528614'; Build Type 'Release'
OS: 'Windows 10 Home; OS build 19042.631; Version 2009; 64bit' Language: 'ru' Physical Memory: 16332 MB
BatchMode: 1, IsHumanControllingUs: 0, StartBugReporterOnCrash: 0, Is64bit: 1, IsPro: 0

 COMMAND LINE ARGUMENTS:
C:\Program Files\Unity\Hub\Editor\2020.2.3f1\Editor\Unity.exe
-adb2
-batchMode
-noUpm
-name
AssetImportWorker0
-projectPath
C:/The Game
-logFile
Logs/AssetImportWorker0.log
-srvPort
56442
Successfully changed project path to: C:/The Game
C:/The Game
Using Asset Import Pipeline V2.
Refreshing native plugins compatible for Editor in 34.86 ms, found 1 plugins.
Preloading 0 native plugins for Editor in 0.00 ms.
Initialize engine version: 2020.2.3f1 (8ff31bc5bf5b)
[Subsystems] Discovering subsystems at path C:/Program Files/Unity/Hub/Editor/2020.2.3f1/Editor/Data/Resources/UnitySubsystems
[Subsystems] Discovering subsystems at path C:/The Game/Assets
GfxDevice: creating device client; threaded=0
Direct3D:
    Version:  Direct3D 11.0 [level 11.1]
    Renderer: NVIDIA GeForce GTX 1050 Ti (ID=0x1c82)
    Vendor:   
    VRAM:     4018 MB
    Driver:   27.21.14.6192
Initialize mono
Mono path[0] = 'C:/Program Files/Unity/Hub/Editor/2020.2.3f1/Editor/Data/Managed'
Mono path[1] = 'C:/Program Files/Unity/Hub/Editor/2020.2.3f1/Editor/Data/MonoBleedingEdge/lib/mono/unityjit'
Mono config path = 'C:/Program Files/Unity/Hub/Editor/2020.2.3f1/Editor/Data/MonoBleedingEdge/etc'
Using monoOptions --debugger-agent=transport=dt_socket,embedding=1,server=y,suspend=n,address=127.0.0.1:56420
Begin MonoManager ReloadAssembly
Registering precompiled unity dll's ...
Register platform support module: C:/Program Files/Unity/Hub/Editor/2020.2.3f1/Editor/Data/PlaybackEngines/WindowsStandaloneSupport/UnityEditor.WindowsStandalone.Extensions.dll
Registered in 0.001171 seconds.
Native extension for WindowsStandalone target not found
Refreshing native plugins compatible for Editor in 32.96 ms, found 1 plugins.
Preloading 0 native plugins for Editor in 0.00 ms.
Invoked RoslynAnalysisRunner static constructor.
RoslynAnalysisRunner will not be running.
RoslynAnalysisRunner has terminated.
Mono: successfully reloaded assembly
- Completed reload, in  1.191 seconds
Platform modules already initialized, skipping
Registering precompiled user dll's ...
Registered in 0.000573 seconds.
Begin MonoManager ReloadAssembly
Native extension for WindowsStandalone target not found
Refreshing native plugins compatible for Editor in 33.44 ms, found 1 plugins.
Preloading 0 native plugins for Editor in 0.00 ms.
Invoked RoslynAnalysisRunner static constructor.
RoslynAnalysisRunner will not be running.
RoslynAnalysisRunner has terminated.
Mono: successfully reloaded assembly
- Completed reload, in  0.709 seconds
Platform modules already initialized, skipping
========================================================================
Worker process is ready to serve import requests
Launched and connected shader compiler UnityShaderCompiler.exe after 0.03 seconds
Refreshing native plugins compatible for Editor in 0.42 ms, found 1 plugins.
Preloading 0 native plugins for Editor in 0.00 ms.
Unloading 1940 Unused Serialized files (Serialized files now loaded: 0)
System memory in use before: 89.3 MB.
System memory in use after: 89.2 MB.

Unloading 25 unused Assets to reduce memory usage. Loaded Objects now: 2382.
Total: 2.098700 ms (FindLiveObjects: 0.241100 ms CreateObjectMapping: 0.053900 ms MarkObjects: 1.654300 ms  DeleteObjects: 0.147200 ms)

========================================================================
Received Import Request.
  path: Assets/UI/UI.png
  artifactKey: Guid(d1ebf97b8831d3b44b91dfe74aff048b) Importer(815301076,1909f56bfc062723c751e8b465ee728b)
Start importing Assets/UI/UI.png using Guid(d1ebf97b8831d3b44b91dfe74aff048b) Importer(815301076,1909f56bfc062723c751e8b465ee728b)  -> (artifact id: 'dc6f4ca81c86699e24e85eb176b4f2bb') in 0.066664 seconds
  Import took 0.071856 seconds .

========================================================================
Received Import Request.
  Time since last request: 414.494299 seconds.
  path: Assets/UI/UI.png
  artifactKey: Guid(d1ebf97b8831d3b44b91dfe74aff048b) Importer(815301076,1909f56bfc062723c751e8b465ee728b)
Start importing Assets/UI/UI.png using Guid(d1ebf97b8831d3b44b91dfe74aff048b) Importer(815301076,1909f56bfc062723c751e8b465ee728b)  -> (artifact id: 'c21569dbe9fdcbf914114bc341bb3d49') in 0.023109 seconds
  Import took 0.027245 seconds .

========================================================================
Received Import Request.
  Time since last request: 12.388125 seconds.
  path: Assets/UI/UI.png
  artifactKey: Guid(d1ebf97b8831d3b44b91dfe74aff048b) Importer(815301076,1909f56bfc062723c751e8b465ee728b)
Start importing Assets/UI/UI.png using Guid(d1ebf97b8831d3b44b91dfe74aff048b) Importer(815301076,1909f56bfc062723c751e8b465ee728b)  -> (artifact id: '5b28d9c208bd47ab2851ce823008151e') in 0.014342 seconds
  Import took 0.017596 seconds .

========================================================================
Received Import Request.
  Time since last request: 0.019945 seconds.
  path: Assets/UI/UI.png
  artifactKey: Guid(d1ebf97b8831d3b44b91dfe74aff048b) Importer(815301076,1909f56bfc062723c751e8b465ee728b)
Start importing Assets/UI/UI.png using Guid(d1ebf97b8831d3b44b91dfe74aff048b) Importer(815301076,1909f56bfc062723c751e8b465ee728b)  -> (artifact id: '5b28d9c208bd47ab2851ce823008151e') in 0.005101 seconds
  Import took 0.008321 seconds .

========================================================================
Received Import Request.
  Time since last request: 45.017094 seconds.
  path: Assets/UI/UI.png
  artifactKey: Guid(d1ebf97b8831d3b44b91dfe74aff048b) Importer(815301076,1909f56bfc062723c751e8b465ee728b)
Start importing Assets/UI/UI.png using Guid(d1ebf97b8831d3b44b91dfe74aff048b) Importer(815301076,1909f56bfc062723c751e8b465ee728b)  -> (artifact id: '3bc7c2b76ae8e0cb4d0627e28ba665bc') in 0.013561 seconds
  Import took 0.017167 seconds .

========================================================================
Received Import Request.
  Time since last request: 0.009061 seconds.
  path: Assets/UI/UI.png
  artifactKey: Guid(d1ebf97b8831d3b44b91dfe74aff048b) Importer(815301076,1909f56bfc062723c751e8b465ee728b)
Start importing Assets/UI/UI.png using Guid(d1ebf97b8831d3b44b91dfe74aff048b) Importer(815301076,1909f56bfc062723c751e8b465ee728b)  -> (artifact id: '3bc7c2b76ae8e0cb4d0627e28ba665bc') in 0.008137 seconds
  Import took 0.011147 seconds .

========================================================================
Received Import Request.
  Time since last request: 50.363619 seconds.
  path: Assets/UI/UI.png
  artifactKey: Guid(d1ebf97b8831d3b44b91dfe74aff048b) Importer(815301076,1909f56bfc062723c751e8b465ee728b)
Start importing Assets/UI/UI.png using Guid(d1ebf97b8831d3b44b91dfe74aff048b) Importer(815301076,1909f56bfc062723c751e8b465ee728b)  -> (artifact id: '6ff306d1fead694c242e01d6f7f78335') in 0.013709 seconds
  Import took 0.017541 seconds .

========================================================================
Received Import Request.
  Time since last request: 75.797780 seconds.
  path: Assets/UI/UI.png
  artifactKey: Guid(d1ebf97b8831d3b44b91dfe74aff048b) Importer(815301076,1909f56bfc062723c751e8b465ee728b)
Start importing Assets/UI/UI.png using Guid(d1ebf97b8831d3b44b91dfe74aff048b) Importer(815301076,1909f56bfc062723c751e8b465ee728b)  -> (artifact id: '12903418b8d232b810310442dfc8e744') in 0.013026 seconds
  Import took 0.016819 seconds .

========================================================================
Received Import Request.
  Time since last request: 11.141520 seconds.
  path: Assets/UI/UI.png
  artifactKey: Guid(d1ebf97b8831d3b44b91dfe74aff048b) Importer(815301076,1909f56bfc062723c751e8b465ee728b)
Start importing Assets/UI/UI.png using Guid(d1ebf97b8831d3b44b91dfe74aff048b) Importer(815301076,1909f56bfc062723c751e8b465ee728b)  -> (artifact id: '0b3661d29feeb39e3fc6a6223357d789') in 0.010388 seconds
  Import took 0.014081 seconds .

========================================================================
Received Import Request.
  Time since last request: 37.531668 seconds.
  path: Assets/UI/UI.png
  artifactKey: Guid(d1ebf97b8831d3b44b91dfe74aff048b) Importer(815301076,1909f56bfc062723c751e8b465ee728b)
Start importing Assets/UI/UI.png using Guid(d1ebf97b8831d3b44b91dfe74aff048b) Importer(815301076,1909f56bfc062723c751e8b465ee728b)  -> (artifact id: '625e34611fc1f1417e1384003357caad') in 0.013810 seconds
  Import took 0.017206 seconds .

========================================================================
Received Import Request.
  Time since last request: 0.003651 seconds.
  path: Assets/UI/UI.png
  artifactKey: Guid(d1ebf97b8831d3b44b91dfe74aff048b) Importer(815301076,1909f56bfc062723c751e8b465ee728b)
Start importing Assets/UI/UI.png using Guid(d1ebf97b8831d3b44b91dfe74aff048b) Importer(815301076,1909f56bfc062723c751e8b465ee728b)  -> (artifact id: '625e34611fc1f1417e1384003357caad') in 0.009389 seconds
  Import took 0.012564 seconds .

AssetImportWorkerClient::OnTransportError - code=2 error=End of file
